[11:20:09] [Client thread/INFO]: Setting user: Player193
[11:20:11] [Client thread/WARN]: Skipping bad option: lastServer:
[11:20:11] [Client thread/INFO]: LWJGL Version: 2.9.4
[11:20:12] [Client thread/INFO]: [STDOUT]: ---- Minecraft Crash Report ----
// Don't be sad. I'll do better next time, I promise!

Time: 4/12/17 11:20 AM
Description: Loading screen debug info

This is just a prompt for computer specs to be printed. THIS IS NOT A ERROR


A detailed walkthrough of the error, its code path and all known details is as follows:
---------------------------------------------------------------------------------------

-- System Details --
Details:
	Minecraft Version: 1.11.2
	Operating System: Linux (amd64) version 4.8.0-26-generic
	Java Version: 1.8.0_121, Oracle Corporation
	Java VM Version: OpenJDK 64-Bit Server VM (mixed mode), Oracle Corporation
	Memory: 598275288 bytes (570 MB) / 825753600 bytes (787 MB) up to 7475298304 bytes (7129 MB)
	JVM Flags: 0 total; 
	IntCache: cache: 0, tcache: 0, allocated: 0, tallocated: 0
	FML: 
	Loaded coremods (and transformers): 
	GL info: ' Vendor: 'NVIDIA Corporation' Version: '4.5.0 NVIDIA 375.39' Renderer: 'GeForce GTX 570/PCIe/SSE2'
[11:20:14] [Client thread/INFO]: Reloading ResourceManager: Default, FMLFileResourcePack:Forge Mod Loader, FMLFileResourcePack:Minecraft Forge, FMLFileResourcePack:My Example Mod
[11:20:14] [Sound Library Loader/INFO]: Starting up SoundSystem...
[11:20:14] [Thread-7/INFO]: Initializing LWJGL OpenAL
[11:20:14] [Thread-7/INFO]: (The LWJGL binding of OpenAL.  For more information, see http://www.lwjgl.org)
[11:20:14] [Thread-7/INFO]: OpenAL initialized.
[11:20:15] [Sound Library Loader/INFO]: Sound engine started
[11:20:16] [Client thread/INFO]: Created: 16x16 textures-atlas
[11:20:16] [Client thread/INFO]: Reloading ResourceManager: Default, FMLFileResourcePack:Forge Mod Loader, FMLFileResourcePack:Minecraft Forge, FMLFileResourcePack:My Example Mod
[11:20:16] [Client thread/INFO]: SoundSystem shutting down...
[11:20:17] [Client thread/WARN]: Author: Paul Lamb, www.paulscode.com
[11:20:17] [Sound Library Loader/INFO]: Starting up SoundSystem...
[11:20:17] [Thread-9/INFO]: Initializing LWJGL OpenAL
[11:20:17] [Thread-9/INFO]: (The LWJGL binding of OpenAL.  For more information, see http://www.lwjgl.org)
[11:20:17] [Thread-9/INFO]: OpenAL initialized.
[11:20:17] [Sound Library Loader/INFO]: Sound engine started
[11:20:17] [Client thread/INFO]: Created: 512x512 textures-atlas
[11:20:18] [Client thread/WARN]: Skipping bad option: lastServer:
[11:20:19] [Realms Notification Availability checker #1/INFO]: Could not authorize you against Realms server: Invalid session id
[11:20:21] [Server thread/INFO]: Starting integrated minecraft server version 1.11.2
[11:20:21] [Server thread/INFO]: Generating keypair
[11:20:21] [Server thread/INFO]: Preparing start region for level 0
[11:20:22] [Server thread/INFO]: Preparing spawn area: 99%
[11:20:22] [Server thread/INFO]: Changing view distance to 12, from 10
[11:20:23] [Server thread/INFO]: Player193[local:E:966dc2c1] logged in with entity id 425 at (-95.32434588237938, 69.0, 251.8966889010043)
[11:20:23] [Server thread/INFO]: Player193 joined the game
[11:20:24] [Server thread/INFO]: Saving and pausing game...
[11:20:24] [Server thread/INFO]: Saving chunks for level 'New World'/Overworld
[11:20:24] [Server thread/INFO]: Saving chunks for level 'New World'/Nether
[11:20:24] [Server thread/INFO]: Saving chunks for level 'New World'/The End
[11:20:24] [pool-2-thread-1/WARN]: Couldn't look up profile properties for com.mojang.authlib.GameProfile@26c5ea7b[id=e6106110-0611-3c88-99d4-92770daab422,name=Player193,properties={},legacy=false]
com.mojang.authlib.exceptions.AuthenticationException: The client has sent too many requests within a certain amount of time
	at com.mojang.authlib.yggdrasil.YggdrasilAuthenticationService.makeRequest(YggdrasilAuthenticationService.java:79) ~[YggdrasilAuthenticationService.class:?]
	at com.mojang.authlib.yggdrasil.YggdrasilMinecraftSessionService.fillGameProfile(YggdrasilMinecraftSessionService.java:180) [YggdrasilMinecraftSessionService.class:?]
	at com.mojang.authlib.yggdrasil.YggdrasilMinecraftSessionService$1.load(YggdrasilMinecraftSessionService.java:60) [YggdrasilMinecraftSessionService$1.class:?]
	at com.mojang.authlib.yggdrasil.YggdrasilMinecraftSessionService$1.load(YggdrasilMinecraftSessionService.java:57) [YggdrasilMinecraftSessionService$1.class:?]
	at com.google.common.cache.LocalCache$LoadingValueReference.loadFuture(LocalCache.java:3524) [guava-17.0.jar:?]
	at com.google.common.cache.LocalCache$Segment.loadSync(LocalCache.java:2317) [guava-17.0.jar:?]
	at com.google.common.cache.LocalCache$Segment.lockedGetOrLoad(LocalCache.java:2280) [guava-17.0.jar:?]
	at com.google.common.cache.LocalCache$Segment.get(LocalCache.java:2195) [guava-17.0.jar:?]
	at com.google.common.cache.LocalCache.get(LocalCache.java:3934) [guava-17.0.jar:?]
	at com.google.common.cache.LocalCache.getOrLoad(LocalCache.java:3938) [guava-17.0.jar:?]
	at com.google.common.cache.LocalCache$LocalLoadingCache.get(LocalCache.java:4821) [guava-17.0.jar:?]
	at com.google.common.cache.LocalCache$LocalLoadingCache.getUnchecked(LocalCache.java:4827) [guava-17.0.jar:?]
	at com.mojang.authlib.yggdrasil.YggdrasilMinecraftSessionService.fillProfileProperties(YggdrasilMinecraftSessionService.java:170) [YggdrasilMinecraftSessionService.class:?]
	at net.minecraft.client.Minecraft.getProfileProperties(Minecraft.java:3056) [Minecraft.class:?]
	at net.minecraft.client.resources.SkinManager$3.run(SkinManager.java:138) [SkinManager$3.class:?]
	at java.util.concurrent.Executors$RunnableAdapter.call(Executors.java:511) [?:1.8.0_121]
	at java.util.concurrent.FutureTask.run(FutureTask.java:266) [?:1.8.0_121]
	at java.util.concurrent.ThreadPoolExecutor.runWorker(ThreadPoolExecutor.java:1142) [?:1.8.0_121]
	at java.util.concurrent.ThreadPoolExecutor$Worker.run(ThreadPoolExecutor.java:617) [?:1.8.0_121]
	at java.lang.Thread.run(Thread.java:745) [?:1.8.0_121]
[11:20:27] [Server thread/INFO]: Saving and pausing game...
[11:20:27] [Server thread/INFO]: Saving chunks for level 'New World'/Overworld
[11:20:27] [Server thread/INFO]: Saving chunks for level 'New World'/Nether
[11:20:27] [Server thread/INFO]: Saving chunks for level 'New World'/The End
[11:20:29] [Client thread/INFO]: Stopping!
[11:20:29] [Server thread/INFO]: Stopping server
[11:20:29] [Server thread/INFO]: Saving players
[11:20:29] [Server thread/INFO]: Saving worlds
[11:20:29] [Server thread/INFO]: Saving chunks for level 'New World'/Overworld
[11:20:29] [Server thread/INFO]: Saving chunks for level 'New World'/Nether
[11:20:29] [Server thread/INFO]: Saving chunks for level 'New World'/The End
[11:20:29] [Client thread/INFO]: SoundSystem shutting down...
[11:20:29] [Client thread/WARN]: Author: Paul Lamb, www.paulscode.com
